<?xml version="1.0" encoding="UTF-8"?>
<!-- Generated by org.testng.reporters.JUnitXMLReporter -->
<testsuite hostname="DESKTOP-QFDSF5H" name="Default test" tests="3" failures="0" timestamp="15 Apr 2017 22:31:16 GMT" time="0.229" errors="0">
  <testcase name="ShouldAddTwoPositiveNumber" time="0.034" classname="propertyfinder.calculator.tests.CalculatorTests"/>
  <testcase name="ShouldMultiplyTwoNumbers" time="0.006" classname="propertyfinder.calculator.tests.CalculatorTests"/>
  <testcase name="ShouldSubtractTwoNumbers" time="0.003" classname="propertyfinder.calculator.tests.CalculatorTests"/>
</testsuite> <!-- Default test -->
