<?xml version="1.0" encoding="UTF-8"?>
<testng-results skipped="0" failed="0" total="3" passed="3">
  <reporter-output>
  </reporter-output>
  <suite name="Default suite" duration-ms="229" started-at="2017-04-15T22:31:16Z" finished-at="2017-04-15T22:31:16Z">
    <groups>
    </groups>
    <test name="Default test" duration-ms="229" started-at="2017-04-15T22:31:16Z" finished-at="2017-04-15T22:31:16Z">
      <class name="propertyfinder.calculator.tests.CalculatorTests">
        <test-method status="PASS" signature="setup()[pri:0, instance:propertyfinder.calculator.tests.CalculatorTests@2b9b7f1f]" name="setup" is-config="true" duration-ms="36" started-at="2017-04-16T00:31:16Z" finished-at="2017-04-16T00:31:16Z">
          <reporter-output>
          </reporter-output>
        </test-method> <!-- setup -->
        <test-method status="PASS" signature="ShouldAddTwoPositiveNumber()[pri:0, instance:propertyfinder.calculator.tests.CalculatorTests@2b9b7f1f]" name="ShouldAddTwoPositiveNumber" duration-ms="34" started-at="2017-04-16T00:31:16Z" finished-at="2017-04-16T00:31:16Z">
          <reporter-output>
          </reporter-output>
        </test-method> <!-- ShouldAddTwoPositiveNumber -->
        <test-method status="PASS" signature="setup()[pri:0, instance:propertyfinder.calculator.tests.CalculatorTests@2b9b7f1f]" name="setup" is-config="true" duration-ms="0" started-at="2017-04-16T00:31:16Z" finished-at="2017-04-16T00:31:16Z">
          <reporter-output>
          </reporter-output>
        </test-method> <!-- setup -->
        <test-method status="PASS" signature="ShouldMultiplyTwoNumbers()[pri:0, instance:propertyfinder.calculator.tests.CalculatorTests@2b9b7f1f]" name="ShouldMultiplyTwoNumbers" duration-ms="6" started-at="2017-04-16T00:31:16Z" finished-at="2017-04-16T00:31:16Z">
          <reporter-output>
          </reporter-output>
        </test-method> <!-- ShouldMultiplyTwoNumbers -->
        <test-method status="PASS" signature="setup()[pri:0, instance:propertyfinder.calculator.tests.CalculatorTests@2b9b7f1f]" name="setup" is-config="true" duration-ms="0" started-at="2017-04-16T00:31:16Z" finished-at="2017-04-16T00:31:16Z">
          <reporter-output>
          </reporter-output>
        </test-method> <!-- setup -->
        <test-method status="PASS" signature="ShouldSubtractTwoNumbers()[pri:0, instance:propertyfinder.calculator.tests.CalculatorTests@2b9b7f1f]" name="ShouldSubtractTwoNumbers" duration-ms="3" started-at="2017-04-16T00:31:16Z" finished-at="2017-04-16T00:31:16Z">
          <reporter-output>
          </reporter-output>
        </test-method> <!-- ShouldSubtractTwoNumbers -->
      </class> <!-- propertyfinder.calculator.tests.CalculatorTests -->
    </test> <!-- Default test -->
  </suite> <!-- Default suite -->
</testng-results>
